<?xml version="1.0" encoding="UTF-8"?>
<!-- Generated by org.testng.reporters.JUnitXMLReporter -->
<testsuite ignored="0" hostname="MacBook-Pro.local" failures="0" tests="2" name="Run on Chrome" time="15.292" errors="0" timestamp="09 Dec 2022 07:38:09 GMT">
  <testcase classname="com.nopcommerce.user.Level_20_DataDrivenJSON" name="User_01_Register_And_Login" time="6.834"/>
  <testcase classname="com.nopcommerce.user.Level_20_DataDrivenJSON" name="User_02_My_Account" time="0.855"/>
</testsuite> <!-- Run on Chrome -->
