<?xml version="1.0" encoding="UTF-8"?>
<testng-results ignored="0" total="1" passed="1" failed="0" skipped="0">
  <reporter-output>
  </reporter-output>
  <suite started-at="2022-12-18T01:18:10Z" name="Codelearn" finished-at="2022-12-18T01:18:20Z" duration-ms="10134">
    <groups>
    </groups>
    <test started-at="2022-12-18T01:18:10Z" name="Run on Chrome" finished-at="2022-12-18T01:18:20Z" duration-ms="10134">
      <class name="codelearn.login.Login_01_User_Login">
        <test-method is-config="true" signature="initBeforeSuit()[pri:0, instance:codelearn.login.Login_01_User_Login@571a9686]" started-at="2022-12-18T01:18:10Z" name="initBeforeSuit" finished-at="2022-12-18T01:18:10Z" duration-ms="30" status="PASS">
          <reporter-output>
          </reporter-output>
        </test-method> <!-- initBeforeSuit -->
        <test-method is-config="true" signature="beforeClass(java.lang.String, java.lang.String, java.lang.String, java.lang.String, java.lang.String, java.lang.String, java.lang.String, java.lang.String)[pri:0, instance:codelearn.login.Login_01_User_Login@571a9686]" started-at="2022-12-18T01:18:10Z" name="beforeClass" finished-at="2022-12-18T01:18:18Z" duration-ms="8151" status="PASS">
          <params>
            <param index="0">
              <value>
                <![CDATA[local]]>
              </value>
            </param>
            <param index="1">
              <value>
                <![CDATA[user]]>
              </value>
            </param>
            <param index="2">
              <value>
                <![CDATA[chrome]]>
              </value>
            </param>
            <param index="3">
              <value>
                <![CDATA[]]>
              </value>
            </param>
            <param index="4">
              <value>
                <![CDATA[]]>
              </value>
            </param>
            <param index="5">
              <value>
                <![CDATA[OS X]]>
              </value>
            </param>
            <param index="6">
              <value>
                <![CDATA[Big Sur]]>
              </value>
            </param>
            <param index="7">
              <value>
                <![CDATA[english]]>
              </value>
            </param>
          </params>
          <reporter-output>
          </reporter-output>
        </test-method> <!-- beforeClass -->
        <test-method signature="TC_01_Visit_Homepage()[pri:0, instance:codelearn.login.Login_01_User_Login@571a9686]" started-at="2022-12-18T01:18:18Z" name="TC_01_Visit_Homepage" finished-at="2022-12-18T01:18:20Z" duration-ms="1493" status="PASS">
          <reporter-output>
          </reporter-output>
        </test-method> <!-- TC_01_Visit_Homepage -->
        <test-method is-config="true" signature="afterClass()[pri:0, instance:codelearn.login.Login_01_User_Login@571a9686]" started-at="2022-12-18T01:18:20Z" name="afterClass" finished-at="2022-12-18T01:18:20Z" duration-ms="305" status="PASS">
          <reporter-output>
          </reporter-output>
        </test-method> <!-- afterClass -->
      </class> <!-- codelearn.login.Login_01_User_Login -->
    </test> <!-- Run on Chrome -->
  </suite> <!-- Codelearn -->
</testng-results>
